{"uid":"28240950d8f607e9","name":"TC3 - Place market order with stop loss and take profit","fullName":"tests.web.trader.test_TC3#test_place_market_order_with_stop_loss_and_take_profit","historyId":"e9bb93d9393058828ec467b0b70b4e01","time":{"start":1751640603950,"stop":1751640614272,"duration":10322},"status":"broken","statusMessage":"selenium.common.exceptions.NoSuchElementException: Message: Element not found with locator \"//div[@data-testid='watchlist-symbol' and text()='DASHUSD.std']\" after 10 seconds; For documentation on this error, please visit: https://www.selenium.dev/documentation/webdriver/troubleshooting/errors#nosuchelementexception","statusTrace":"tests/web/trader/test_TC3.py:10: in test_place_market_order_with_stop_loss_and_take_profit\n    web.trade_page.select_symbol(symbol)\nsrc/apps/web/page/trade_page.py:41: in select_symbol\n    self.actions.scroll_to_element(locator)\nsrc/utils/element_util.py:174: in scroll_to_element\n    self.find_element(element, timeout=timeout, show_log=show_log, visible=visible)\nsrc/utils/element_util.py:68: in find_element\n    raise NoSuchElementException(msg_log)\nE   selenium.common.exceptions.NoSuchElementException: Message: Element not found with locator \"//div[@data-testid='watchlist-symbol' and text()='DASHUSD.std']\" after 10 seconds; For documentation on this error, please visit: https://www.selenium.dev/documentation/webdriver/troubleshooting/errors#nosuchelementexception","flaky":false,"newFailed":false,"newBroken":false,"newPassed":false,"retriesCount":0,"retriesStatusChange":false,"beforeStages":[],"testStage":{"status":"broken","statusMessage":"selenium.common.exceptions.NoSuchElementException: Message: Element not found with locator \"//div[@data-testid='watchlist-symbol' and text()='DASHUSD.std']\" after 10 seconds; For documentation on this error, please visit: https://www.selenium.dev/documentation/webdriver/troubleshooting/errors#nosuchelementexception","statusTrace":"tests/web/trader/test_TC3.py:10: in test_place_market_order_with_stop_loss_and_take_profit\n    web.trade_page.select_symbol(symbol)\nsrc/apps/web/page/trade_page.py:41: in select_symbol\n    self.actions.scroll_to_element(locator)\nsrc/utils/element_util.py:174: in scroll_to_element\n    self.find_element(element, timeout=timeout, show_log=show_log, visible=visible)\nsrc/utils/element_util.py:68: in find_element\n    raise NoSuchElementException(msg_log)\nE   selenium.common.exceptions.NoSuchElementException: Message: Element not found with locator \"//div[@data-testid='watchlist-symbol' and text()='DASHUSD.std']\" after 10 seconds; For documentation on this error, please visit: https://www.selenium.dev/documentation/webdriver/troubleshooting/errors#nosuchelementexception","steps":[{"name":"Step 1: Select 'DASHUSD.std'","time":{"start":1751640614729,"stop":1751640614729,"duration":0},"status":"passed","steps":[],"attachments":[],"parameters":[],"shouldDisplayMessage":false,"stepsCount":0,"attachmentsCount":0,"hasContent":false,"attachmentStep":false}],"attachments":[{"uid":"ac60c396b422af9d","name":"chrome_04-07-2025_21:50:14.png","source":"ac60c396b422af9d.png","type":"image/png","size":447221},{"uid":"24e559f921edaffa","name":"Test Recording","source":"24e559f921edaffa.mp4","type":"video/mp4","size":2332576}],"parameters":[],"shouldDisplayMessage":true,"stepsCount":1,"attachmentsCount":2,"hasContent":true,"attachmentStep":false},"afterStages":[],"labels":[{"name":"parentSuite","value":"Trader"},{"name":"resultFormat","value":"allure2"}],"parameters":[],"links":[],"hidden":false,"retry":false,"extra":{"severity":"normal","retries":[],"categories":[{"name":"Test defects","matchedStatuses":[],"flaky":false}],"tags":[]},"source":"28240950d8f607e9.json","parameterValues":[]}